<?xml version="1.0" encoding="UTF-8"?>
<!-- Generated by org.testng.reporters.JUnitReportReporter -->
<testsuite skipped="0" hostname="LIN60016103" name="com.amazon.test.superScript" tests="2" failures="0" timestamp="2021-02-08T02:58:50 IST" time="46.819" errors="0">
  <testcase name="loginAmazon" time="21.347" classname="com.amazon.test.superScript"/>
  <testcase name="purchaseItem" time="25.472" classname="com.amazon.test.superScript"/>
</testsuite> <!-- com.amazon.test.superScript -->
