<?xml version="1.0" encoding="UTF-8"?>
<!-- Generated by org.testng.reporters.JUnitReportReporter -->
<testsuite skipped="0" hostname="LIN60016103" name="com.amazon.test.superScript" tests="2" failures="0" timestamp="2021-02-07T07:55:40 IST" time="39.042" errors="0">
  <testcase name="loginAmazon" time="17.412" classname="com.amazon.test.superScript"/>
  <testcase name="purchaseItem" time="21.630" classname="com.amazon.test.superScript"/>
</testsuite> <!-- com.amazon.test.superScript -->
