<?xml version="1.0" encoding="UTF-8"?>
<!-- Generated by org.testng.reporters.JUnitReportReporter -->
<testsuite skipped="0" hostname="LIN60016103" name="com.amazon.test.superScript" tests="2" failures="0" timestamp="2021-02-07T08:20:40 IST" time="42.015" errors="0">
  <testcase name="loginAmazon" time="18.541" classname="com.amazon.test.superScript"/>
  <testcase name="purchaseItem" time="23.474" classname="com.amazon.test.superScript"/>
</testsuite> <!-- com.amazon.test.superScript -->
